<?xml version="1.0" encoding="UTF-8"?>
<!-- Generated by org.testng.reporters.JUnitReportReporter -->
<testsuite skipped="0" hostname="pcibra" name="com.inetbanking.testCases.TC_LoginTest_001" tests="1" failures="0" timestamp="04 Aug 2022 17:51:43 GMT" time="2.932" errors="0">
  <testcase name="loginTest" time="2.932" classname="com.inetbanking.testCases.TC_LoginTest_001"/>
</testsuite> <!-- com.inetbanking.testCases.TC_LoginTest_001 -->
