<?xml version="1.0" encoding="UTF-8"?>
<!-- Generated by org.testng.reporters.JUnitReportReporter -->
<testsuite hostname="pcibra" failures="0" tests="1" name="com.inetbanking.testCases.TC_AddCustomerTest_003" time="32.431" errors="0" timestamp="05 Aug 2022 09:26:23 GMT" skipped="0">
  <testcase classname="com.inetbanking.testCases.TC_AddCustomerTest_003" name="addNewCustomer" time="32.431"/>
</testsuite> <!-- com.inetbanking.testCases.TC_AddCustomerTest_003 -->
