<?xml version="1.0" encoding="UTF-8"?>
<!-- Generated by org.testng.reporters.JUnitReportReporter -->
<testsuite hostname="pcibra" failures="0" tests="1" name="com.inetbanking.testCases.TC_LoginTest_001" time="3.429" errors="0" timestamp="05 Aug 2022 11:11:22 GMT" skipped="0">
  <testcase classname="com.inetbanking.testCases.TC_LoginTest_001" name="loginTest" time="3.429"/>
</testsuite> <!-- com.inetbanking.testCases.TC_LoginTest_001 -->
